<?xml version="1.0" encoding="UTF-8"?>
<!-- Generated by org.testng.reporters.JUnitXMLReporter -->
<testsuite ignored="0" hostname="NLHQ3739748-MB.home" failures="0" tests="2" name="Default test" time="7.037" errors="0" timestamp="03 Dec 2023 14:23:13 GMT">
  <testcase classname="cucumber.api.testng.AbstractTestNGCucumberTests" name="runScenario" time="3.606"/>
  <testcase classname="cucumber.api.testng.AbstractTestNGCucumberTests" name="runScenario" time="3.089"/>
</testsuite> <!-- Default test -->
