<?xml version="1.0" encoding="UTF-8"?>
<testng-results ignored="0" total="2" passed="2" failed="0" skipped="0">
  <reporter-output>
  </reporter-output>
  <suite started-at="2023-12-03T14:23:05Z" name="Default suite" finished-at="2023-12-03T14:23:13Z" duration-ms="7037">
    <groups>
      <group name="cucumber">
        <method signature="AbstractTestNGCucumberTests.runScenario(cucumber.api.testng.PickleEventWrapper, cucumber.api.testng.CucumberFeatureWrapper)[pri:0, instance:testrunner.LoginTestRunner@27eedb64]" name="runScenario" class="cucumber.api.testng.AbstractTestNGCucumberTests"/>
      </group> <!-- cucumber -->
    </groups>
    <test started-at="2023-12-03T14:23:05Z" name="Default test" finished-at="2023-12-03T14:23:13Z" duration-ms="7037">
      <class name="testrunner.LoginTestRunner">
        <test-method is-config="true" signature="setUpClass()[pri:0, instance:testrunner.LoginTestRunner@27eedb64]" started-at="2023-12-03T14:23:06Z" name="setUpClass" finished-at="2023-12-03T14:23:06Z" duration-ms="172" status="PASS">
          <reporter-output>
          </reporter-output>
        </test-method> <!-- setUpClass -->
        <test-method signature="runScenario(cucumber.api.testng.PickleEventWrapper, cucumber.api.testng.CucumberFeatureWrapper)[pri:0, instance:testrunner.LoginTestRunner@27eedb64]" started-at="2023-12-03T14:23:06Z" name="runScenario" description="Runs Cucumber Scenarios" data-provider="scenarios" finished-at="2023-12-03T14:23:09Z" duration-ms="3606" status="PASS">
          <params>
            <param index="0">
              <value>
                <![CDATA["Login should be success"]]>
              </value>
            </param>
            <param index="1">
              <value>
                <![CDATA["User Authentication tests"]]>
              </value>
            </param>
          </params>
          <reporter-output>
          </reporter-output>
        </test-method> <!-- runScenario -->
        <test-method signature="runScenario(cucumber.api.testng.PickleEventWrapper, cucumber.api.testng.CucumberFeatureWrapper)[pri:0, instance:testrunner.LoginTestRunner@27eedb64]" started-at="2023-12-03T14:23:09Z" name="runScenario" description="Runs Cucumber Scenarios" data-provider="scenarios" finished-at="2023-12-03T14:23:12Z" duration-ms="3089" status="PASS">
          <params>
            <param index="0">
              <value>
                <![CDATA["Login should not be success"]]>
              </value>
            </param>
            <param index="1">
              <value>
                <![CDATA["User Authentication tests"]]>
              </value>
            </param>
          </params>
          <reporter-output>
          </reporter-output>
        </test-method> <!-- runScenario -->
        <test-method is-config="true" signature="tearDownClass()[pri:0, instance:testrunner.LoginTestRunner@27eedb64]" started-at="2023-12-03T14:23:12Z" name="tearDownClass" finished-at="2023-12-03T14:23:13Z" duration-ms="152" status="PASS">
          <reporter-output>
          </reporter-output>
        </test-method> <!-- tearDownClass -->
      </class> <!-- testrunner.LoginTestRunner -->
    </test> <!-- Default test -->
  </suite> <!-- Default suite -->
</testng-results>
